Request: GET /index.html HTTP/1.0
IP: localhost
Date: Wed Mar 20 10:29:00 CET 2019
Error message: 
Request: GET /index.html HTTP/1.0
IP: localhost
Date: Wed Mar 20 10:29:00 CET 2019
Error message: 
Request: GET /udc.gif HTTP/1.0
IP: localhost
Date: Wed Mar 20 10:29:00 CET 2019
Error message: 
Request: GET /fic.png HTTP/1.0
IP: localhost
Date: Wed Mar 20 10:29:00 CET 2019
Error message: 
Request: GET /LICENSE.txt HTTP/1.0
IP: localhost
Date: Wed Mar 20 10:29:00 CET 2019
Error message: 
Request: TRACE /index.html HTTP/1.0
IP: localhost
Date: Wed Mar 20 10:29:00 CET 2019
Error message: 400 Bad Request
Request: GET /notFound.html HTTP/1.0
IP: localhost
Date: Wed Mar 20 10:29:00 CET 2019
Error message: 
Request: GET /index.html HTTP/1.0
IP: localhost
Date: Wed Mar 20 10:39:26 CET 2019
Error message: 
Request: GET /index.html HTTP/1.0
IP: localhost
Date: Wed Mar 20 10:39:26 CET 2019
Error message: 
Request: GET /udc.gif HTTP/1.0
IP: localhost
Date: Wed Mar 20 10:39:26 CET 2019
Error message: 
Request: GET /fic.png HTTP/1.0
IP: localhost
Date: Wed Mar 20 10:39:26 CET 2019
Error message: 
Request: GET /LICENSE.txt HTTP/1.0
IP: localhost
Date: Wed Mar 20 10:39:26 CET 2019
Error message: 
Request: TRACE /index.html HTTP/1.0
IP: localhost
Date: Wed Mar 20 10:39:26 CET 2019
Error message: 400 Bad Request
Request: GET /notFound.html HTTP/1.0
IP: localhost
Date: Wed Mar 20 10:39:26 CET 2019
Error message: 
Request: GET /index.html HTTP/1.1
IP: localhost
Date: Wed Mar 20 10:40:09 CET 2019
Error message: 
Request: GET index.html HTTP/1.1
IP: localhost
Date: Wed Mar 20 11:02:01 CET 2019
Error message: 
Request: GET index.html HTTP/1.1
IP: localhost
Date: Wed Mar 20 11:02:12 CET 2019
Error message: 
Request: GET /index.html HTTP/1.0
IP: localhost
Date: Wed Mar 20 11:04:21 CET 2019
Error message: 
Request: GET /index.html HTTP/1.0
IP: localhost
Date: Wed Mar 20 11:04:21 CET 2019
Error message: 
Request: GET /udc.gif HTTP/1.0
IP: localhost
Date: Wed Mar 20 11:04:21 CET 2019
Error message: 
Request: GET /fic.png HTTP/1.0
IP: localhost
Date: Wed Mar 20 11:04:21 CET 2019
Error message: 
Request: GET /LICENSE.txt HTTP/1.0
IP: localhost
Date: Wed Mar 20 11:04:21 CET 2019
Error message: 
Request: TRACE /index.html HTTP/1.0
IP: localhost
Date: Wed Mar 20 11:04:21 CET 2019
Error message: 400 Bad Request
Request: GET /notFound.html HTTP/1.0
IP: localhost
Date: Wed Mar 20 11:04:21 CET 2019
Error message: 
Request: GET /favicon.ico HTTP/1.1
IP: ip6-localhost
Date: Wed Mar 20 12:32:02 CET 2019
Error message: 
Request: GET /index.html HTTP/1.1
IP: ip6-localhost
Date: Wed Mar 20 12:32:10 CET 2019
Error message: 
Request: GET /favicon.ico HTTP/1.1
IP: ip6-localhost
Date: Wed Mar 20 12:32:10 CET 2019
Error message: 
Request: GET /index.html HTTP/1.1
IP: ip6-localhost
Date: Wed Mar 20 12:32:26 CET 2019
Error message: 
Request: GET /favicon.ico HTTP/1.1
IP: ip6-localhost
Date: Wed Mar 20 12:32:26 CET 2019
Error message: 
Request: GET /index.html HTTP/1.1
IP: localhost
Date: Wed Mar 20 12:33:21 CET 2019
Error message: 
Request: GET /index.html HTTP/1.1
IP: localhost
Date: Wed Mar 20 12:33:30 CET 2019
Error message: 
Request: GET /index.html HTTP/1.1
IP: localhost
Date: Wed Mar 20 12:33:37 CET 2019
Error message: 
Request: GET /index.html HTTP/1.1
IP: localhost
Date: Wed Mar 20 12:33:47 CET 2019
Error message: 
Request: GET /index.html HTTP/1.0
IP: localhost
Date: Wed Mar 20 16:26:23 CET 2019
Error message: 
Request: GET /index.html HTTP/1.0
IP: localhost
Date: Wed Mar 20 16:26:23 CET 2019
Error message: 
Request: GET /udc.gif HTTP/1.0
IP: localhost
Date: Wed Mar 20 16:26:23 CET 2019
Error message: 
Request: GET /fic.png HTTP/1.0
IP: localhost
Date: Wed Mar 20 16:26:23 CET 2019
Error message: 
Request: GET /LICENSE.txt HTTP/1.0
IP: localhost
Date: Wed Mar 20 16:26:23 CET 2019
Error message: 
Request: TRACE /index.html HTTP/1.0
IP: localhost
Date: Wed Mar 20 16:26:23 CET 2019
Error message: 400 Bad Request
Request: GET /notFound.html HTTP/1.0
IP: localhost
Date: Wed Mar 20 16:26:24 CET 2019
Error message: 
Request: GET /index.html HTTP/1.0
IP: localhost
Date: Wed Mar 20 21:03:51 CET 2019
Error message: 
Request: GET /index.html HTTP/1.0
IP: localhost
Date: Wed Mar 20 21:03:51 CET 2019
Error message: 
Request: GET /udc.gif HTTP/1.0
IP: localhost
Date: Wed Mar 20 21:03:51 CET 2019
Error message: 
Request: GET /fic.png HTTP/1.0
IP: localhost
Date: Wed Mar 20 21:03:51 CET 2019
Error message: 
Request: GET /LICENSE.txt HTTP/1.0
IP: localhost
Date: Wed Mar 20 21:03:52 CET 2019
Error message: 
Request: TRACE /index.html HTTP/1.0
IP: localhost
Date: Wed Mar 20 21:03:52 CET 2019
Error message: 400 Bad Request
Request: GET /notFound.html HTTP/1.0
IP: localhost
Date: Wed Mar 20 21:03:52 CET 2019
Error message: 
Request: GET /index.html HTTP/1.1
IP: localhost
Date: Wed Mar 20 21:04:45 CET 2019
Error message: 
Request: GET /index.html HTTP/1.1
IP: localhost
Date: Wed Mar 20 21:04:48 CET 2019
Error message: 
Request: GET /index.html HTTP/1.1
IP: localhost
Date: Wed Mar 20 21:04:49 CET 2019
Error message: 
Request: GET /index.html HTTP/1.1
IP: localhost
Date: Wed Mar 20 21:04:50 CET 2019
Error message: 
Request: GET /index.html HTTP/1.1
IP: localhost
Date: Wed Mar 20 21:04:50 CET 2019
Error message: 
Request: GET /index.html HTTP/1.1
IP: localhost
Date: Wed Mar 20 21:04:51 CET 2019
Error message: 
Request: GET index.html HTTP/1.1
IP: localhost
Date: Thu Mar 21 16:52:16 CET 2019
Error message: 
Request: GET /udc.gif HTTP/1.1
IP: localhost
Date: Thu Mar 21 17:04:24 CET 2019
Error message: 
Request: GET /index.html HTTP/1.0
IP: localhost
Date: Thu Mar 21 18:29:29 CET 2019
Error message: 
Request: GET /index.html HTTP/1.0
IP: localhost
Date: Thu Mar 21 18:29:29 CET 2019
Error message: 
Request: GET /udc.gif HTTP/1.0
IP: localhost
Date: Thu Mar 21 18:29:30 CET 2019
Error message: 
Request: GET /fic.png HTTP/1.0
IP: localhost
Date: Thu Mar 21 18:29:30 CET 2019
Error message: 
Request: GET /LICENSE.txt HTTP/1.0
IP: localhost
Date: Thu Mar 21 18:29:30 CET 2019
Error message: 
Request: TRACE /index.html HTTP/1.0
IP: localhost
Date: Thu Mar 21 18:29:30 CET 2019
Error message: 400 Bad Request
Request: GET /notFound.html HTTP/1.0
IP: localhost
Date: Thu Mar 21 18:29:30 CET 2019
Error message: 
Request: GET / HTTP/1.1
IP: localhost
Date: Thu Mar 21 18:30:25 CET 2019
Error message: 
Request: GET / HTTP/1.1
IP: localhost
Date: Thu Mar 21 18:30:25 CET 2019
Error message: 
Request: GET / HTTP/1.1
IP: localhost
Date: Thu Mar 21 18:30:25 CET 2019
Error message: 
Request: GET / HTTP/1.1
IP: localhost
Date: Thu Mar 21 18:30:25 CET 2019
Error message: 
Request: GET / HTTP/1.1
IP: localhost
Date: Thu Mar 21 18:30:25 CET 2019
Error message: 
Request: GET / HTTP/1.1
IP: localhost
Date: Thu Mar 21 18:30:25 CET 2019
Error message: 
Request: GET / HTTP/1.1
IP: localhost
Date: Thu Mar 21 18:30:26 CET 2019
Error message: 
Request: GET / HTTP/1.1
IP: localhost
Date: Thu Mar 21 18:30:26 CET 2019
Error message: 
Request: GET / HTTP/1.1
IP: localhost
Date: Thu Mar 21 18:30:26 CET 2019
Error message: 
Request: GET / HTTP/1.1
IP: localhost
Date: Thu Mar 21 18:30:26 CET 2019
Error message: 
Request: GET / HTTP/1.1
IP: localhost
Date: Thu Mar 21 18:39:24 CET 2019
Error message: 
Request: GET / HTTP/1.1
IP: localhost
Date: Thu Mar 21 18:39:24 CET 2019
Error message: 
Request: GET / HTTP/1.1
IP: localhost
Date: Thu Mar 21 18:39:24 CET 2019
Error message: 
Request: GET / HTTP/1.1
IP: localhost
Date: Thu Mar 21 18:39:24 CET 2019
Error message: 
Request: GET / HTTP/1.1
IP: localhost
Date: Thu Mar 21 18:39:24 CET 2019
Error message: 
Request: GET / HTTP/1.1
IP: localhost
Date: Thu Mar 21 18:39:24 CET 2019
Error message: 
Request: GET / HTTP/1.1
IP: localhost
Date: Thu Mar 21 18:39:24 CET 2019
Error message: 
Request: GET / HTTP/1.1
IP: localhost
Date: Thu Mar 21 18:39:24 CET 2019
Error message: 
Request: GET / HTTP/1.1
IP: localhost
Date: Thu Mar 21 18:39:24 CET 2019
Error message: 
Request: GET / HTTP/1.1
IP: localhost
Date: Thu Mar 21 18:39:24 CET 2019
Error message: 
Request: GET / HTTP/1.1
IP: localhost
Date: Thu Mar 21 18:39:25 CET 2019
Error message: 
Request: GET / HTTP/1.1
IP: localhost
Date: Thu Mar 21 18:39:25 CET 2019
Error message: 
Request: GET / HTTP/1.1
IP: localhost
Date: Thu Mar 21 18:39:25 CET 2019
Error message: 
Request: GET / HTTP/1.1
IP: localhost
Date: Thu Mar 21 18:39:25 CET 2019
Error message: 
Request: GET / HTTP/1.1
IP: localhost
Date: Thu Mar 21 18:39:25 CET 2019
Error message: 
Request: GET / HTTP/1.1
IP: localhost
Date: Thu Mar 21 18:39:25 CET 2019
Error message: 
Request: GET / HTTP/1.1
IP: localhost
Date: Thu Mar 21 18:39:25 CET 2019
Error message: 
Request: GET / HTTP/1.1
IP: localhost
Date: Thu Mar 21 18:39:25 CET 2019
Error message: 
Request: GET / HTTP/1.1
IP: localhost
Date: Thu Mar 21 18:39:25 CET 2019
Error message: 
Request: GET / HTTP/1.1
IP: localhost
Date: Thu Mar 21 18:39:25 CET 2019
Error message: 
Request: GET / HTTP/1.1
IP: localhost
Date: Thu Mar 21 18:39:26 CET 2019
Error message: 
Request: GET / HTTP/1.1
IP: localhost
Date: Thu Mar 21 18:39:26 CET 2019
Error message: 
Request: GET / HTTP/1.1
IP: localhost
Date: Thu Mar 21 18:39:26 CET 2019
Error message: 
Request: GET / HTTP/1.1
IP: localhost
Date: Thu Mar 21 18:39:26 CET 2019
Error message: 
Request: GET / HTTP/1.1
IP: localhost
Date: Thu Mar 21 18:39:26 CET 2019
Error message: 
Request: GET / HTTP/1.1
IP: localhost
Date: Thu Mar 21 18:39:26 CET 2019
Error message: 
Request: GET / HTTP/1.1
IP: localhost
Date: Thu Mar 21 18:39:26 CET 2019
Error message: 
Request: GET / HTTP/1.1
IP: localhost
Date: Thu Mar 21 18:39:26 CET 2019
Error message: 
Request: GET / HTTP/1.1
IP: localhost
Date: Thu Mar 21 18:39:26 CET 2019
Error message: 
Request: GET / HTTP/1.1
IP: localhost
Date: Thu Mar 21 18:39:26 CET 2019
Error message: 
Request: GET / HTTP/1.1
IP: localhost
Date: Thu Mar 21 18:40:58 CET 2019
Error message: 
Request: GET / HTTP/1.1
IP: localhost
Date: Thu Mar 21 18:40:58 CET 2019
Error message: 
Request: GET / HTTP/1.1
IP: localhost
Date: Thu Mar 21 18:40:58 CET 2019
Error message: 
Request: GET / HTTP/1.1
IP: localhost
Date: Thu Mar 21 18:40:58 CET 2019
Error message: 
Request: GET / HTTP/1.1
IP: localhost
Date: Thu Mar 21 18:40:58 CET 2019
Error message: 
Request: GET / HTTP/1.1
IP: localhost
Date: Thu Mar 21 18:40:58 CET 2019
Error message: 
Request: GET / HTTP/1.1
IP: localhost
Date: Thu Mar 21 18:40:58 CET 2019
Error message: 
Request: GET / HTTP/1.1
IP: localhost
Date: Thu Mar 21 18:40:58 CET 2019
Error message: 
Request: GET / HTTP/1.1
IP: localhost
Date: Thu Mar 21 18:40:59 CET 2019
Error message: 
Request: GET / HTTP/1.1
IP: localhost
Date: Thu Mar 21 18:40:59 CET 2019
Error message: 
Request: GET / HTTP/1.1
IP: localhost
Date: Thu Mar 21 18:41:06 CET 2019
Error message: 
Request: GET / HTTP/1.1
IP: localhost
Date: Thu Mar 21 18:41:06 CET 2019
Error message: 
Request: GET / HTTP/1.1
IP: localhost
Date: Thu Mar 21 18:41:06 CET 2019
Error message: 
Request: GET / HTTP/1.1
IP: localhost
Date: Thu Mar 21 18:41:06 CET 2019
Error message: 
Request: GET / HTTP/1.1
IP: localhost
Date: Thu Mar 21 18:41:06 CET 2019
Error message: 
Request: GET / HTTP/1.1
IP: localhost
Date: Thu Mar 21 18:41:06 CET 2019
Error message: 
Request: GET / HTTP/1.1
IP: localhost
Date: Thu Mar 21 18:41:06 CET 2019
Error message: 
Request: GET / HTTP/1.1
IP: localhost
Date: Thu Mar 21 18:41:06 CET 2019
Error message: 
Request: GET / HTTP/1.1
IP: localhost
Date: Thu Mar 21 18:41:06 CET 2019
Error message: 
Request: GET / HTTP/1.1
IP: localhost
Date: Thu Mar 21 18:41:06 CET 2019
Error message: 
Request: GET / HTTP/1.1
IP: localhost
Date: Thu Mar 21 18:41:06 CET 2019
Error message: 
Request: GET / HTTP/1.1
IP: localhost
Date: Thu Mar 21 18:41:06 CET 2019
Error message: 
Request: GET / HTTP/1.1
IP: localhost
Date: Thu Mar 21 18:41:06 CET 2019
Error message: 
Request: GET / HTTP/1.1
IP: localhost
Date: Thu Mar 21 18:41:06 CET 2019
Error message: 
Request: GET / HTTP/1.1
IP: localhost
Date: Thu Mar 21 18:41:06 CET 2019
Error message: 
Request: GET / HTTP/1.1
IP: localhost
Date: Thu Mar 21 18:41:06 CET 2019
Error message: 
Request: GET / HTTP/1.1
IP: localhost
Date: Thu Mar 21 18:41:06 CET 2019
Error message: 
Request: GET / HTTP/1.1
IP: localhost
Date: Thu Mar 21 18:41:06 CET 2019
Error message: 
Request: GET / HTTP/1.1
IP: localhost
Date: Thu Mar 21 18:41:06 CET 2019
Error message: 
Request: GET / HTTP/1.1
IP: localhost
Date: Thu Mar 21 18:41:06 CET 2019
Error message: 
Request: GET / HTTP/1.1
IP: localhost
Date: Thu Mar 21 18:41:07 CET 2019
Error message: 
Request: GET / HTTP/1.1
IP: localhost
Date: Thu Mar 21 18:41:07 CET 2019
Error message: 
Request: GET / HTTP/1.1
IP: localhost
Date: Thu Mar 21 18:41:07 CET 2019
Error message: 
Request: GET / HTTP/1.1
IP: localhost
Date: Thu Mar 21 18:41:07 CET 2019
Error message: 
Request: GET / HTTP/1.1
IP: localhost
Date: Thu Mar 21 18:41:07 CET 2019
Error message: 
Request: GET / HTTP/1.1
IP: localhost
Date: Thu Mar 21 18:41:07 CET 2019
Error message: 
Request: GET / HTTP/1.1
IP: localhost
Date: Thu Mar 21 18:41:07 CET 2019
Error message: 
Request: GET / HTTP/1.1
IP: localhost
Date: Thu Mar 21 18:41:07 CET 2019
Error message: 
Request: GET / HTTP/1.1
IP: localhost
Date: Thu Mar 21 18:41:07 CET 2019
Error message: 
Request: GET / HTTP/1.1
IP: localhost
Date: Thu Mar 21 18:41:07 CET 2019
Error message: 
Request: GET / HTTP/1.1
IP: localhost
Date: Thu Mar 21 18:41:07 CET 2019
Error message: 
Request: GET / HTTP/1.1
IP: localhost
Date: Thu Mar 21 18:41:07 CET 2019
Error message: 
Request: GET / HTTP/1.1
IP: localhost
Date: Thu Mar 21 18:41:07 CET 2019
Error message: 
Request: GET / HTTP/1.1
IP: localhost
Date: Thu Mar 21 18:41:07 CET 2019
Error message: 
Request: GET / HTTP/1.1
IP: localhost
Date: Thu Mar 21 18:41:07 CET 2019
Error message: 
Request: GET / HTTP/1.1
IP: localhost
Date: Thu Mar 21 18:41:07 CET 2019
Error message: 
Request: GET / HTTP/1.1
IP: localhost
Date: Thu Mar 21 18:41:07 CET 2019
Error message: 
Request: GET / HTTP/1.1
IP: localhost
Date: Thu Mar 21 18:41:07 CET 2019
Error message: 
Request: GET / HTTP/1.1
IP: localhost
Date: Thu Mar 21 18:41:07 CET 2019
Error message: 
Request: GET / HTTP/1.1
IP: localhost
Date: Thu Mar 21 18:41:07 CET 2019
Error message: 
Request: GET / HTTP/1.1
IP: localhost
Date: Thu Mar 21 18:41:07 CET 2019
Error message: 
Request: GET / HTTP/1.1
IP: localhost
Date: Thu Mar 21 18:41:07 CET 2019
Error message: 
Request: GET / HTTP/1.1
IP: localhost
Date: Thu Mar 21 18:41:07 CET 2019
Error message: 
Request: GET / HTTP/1.1
IP: localhost
Date: Thu Mar 21 18:41:07 CET 2019
Error message: 
Request: GET / HTTP/1.1
IP: localhost
Date: Thu Mar 21 18:41:07 CET 2019
Error message: 
Request: GET / HTTP/1.1
IP: localhost
Date: Thu Mar 21 18:41:07 CET 2019
Error message: 
Request: GET / HTTP/1.1
IP: localhost
Date: Thu Mar 21 18:41:07 CET 2019
Error message: 
Request: GET / HTTP/1.1
IP: localhost
Date: Thu Mar 21 18:41:07 CET 2019
Error message: 
Request: GET / HTTP/1.1
IP: localhost
Date: Thu Mar 21 18:41:07 CET 2019
Error message: 
Request: GET / HTTP/1.1
IP: localhost
Date: Thu Mar 21 18:41:07 CET 2019
Error message: 
Request: GET / HTTP/1.1
IP: localhost
Date: Thu Mar 21 18:41:07 CET 2019
Error message: 
Request: GET / HTTP/1.1
IP: localhost
Date: Thu Mar 21 18:41:07 CET 2019
Error message: 
Request: GET / HTTP/1.1
IP: localhost
Date: Thu Mar 21 18:41:07 CET 2019
Error message: 
Request: GET / HTTP/1.1
IP: localhost
Date: Thu Mar 21 18:41:07 CET 2019
Error message: 
Request: GET / HTTP/1.1
IP: localhost
Date: Thu Mar 21 18:41:07 CET 2019
Error message: 
Request: GET / HTTP/1.1
IP: localhost
Date: Thu Mar 21 18:41:07 CET 2019
Error message: 
Request: GET / HTTP/1.1
IP: localhost
Date: Thu Mar 21 18:41:07 CET 2019
Error message: 
Request: GET / HTTP/1.1
IP: localhost
Date: Thu Mar 21 18:41:07 CET 2019
Error message: 
Request: GET / HTTP/1.1
IP: localhost
Date: Thu Mar 21 18:41:07 CET 2019
Error message: 
Request: GET / HTTP/1.1
IP: localhost
Date: Thu Mar 21 18:41:07 CET 2019
Error message: 
Request: GET / HTTP/1.1
IP: localhost
Date: Thu Mar 21 18:41:07 CET 2019
Error message: 
Request: GET / HTTP/1.1
IP: localhost
Date: Thu Mar 21 18:41:07 CET 2019
Error message: 
Request: GET / HTTP/1.1
IP: localhost
Date: Thu Mar 21 18:41:07 CET 2019
Error message: 
Request: GET / HTTP/1.1
IP: localhost
Date: Thu Mar 21 18:41:07 CET 2019
Error message: 
Request: GET / HTTP/1.1
IP: localhost
Date: Thu Mar 21 18:41:07 CET 2019
Error message: 
Request: GET / HTTP/1.1
IP: localhost
Date: Thu Mar 21 18:41:07 CET 2019
Error message: 
Request: GET / HTTP/1.1
IP: localhost
Date: Thu Mar 21 18:41:07 CET 2019
Error message: 
Request: GET / HTTP/1.1
IP: localhost
Date: Thu Mar 21 18:41:07 CET 2019
Error message: 
Request: GET / HTTP/1.1
IP: localhost
Date: Thu Mar 21 18:41:07 CET 2019
Error message: 
Request: GET / HTTP/1.1
IP: localhost
Date: Thu Mar 21 18:41:07 CET 2019
Error message: 
Request: GET / HTTP/1.1
IP: localhost
Date: Thu Mar 21 18:41:08 CET 2019
Error message: 
Request: GET / HTTP/1.1
IP: localhost
Date: Thu Mar 21 18:41:08 CET 2019
Error message: 
Request: GET / HTTP/1.1
IP: localhost
Date: Thu Mar 21 18:41:08 CET 2019
Error message: 
Request: GET / HTTP/1.1
IP: localhost
Date: Thu Mar 21 18:41:08 CET 2019
Error message: 
Request: GET / HTTP/1.1
IP: localhost
Date: Thu Mar 21 18:41:08 CET 2019
Error message: 
Request: GET / HTTP/1.1
IP: localhost
Date: Thu Mar 21 18:41:08 CET 2019
Error message: 
Request: GET / HTTP/1.1
IP: localhost
Date: Thu Mar 21 18:41:08 CET 2019
Error message: 
Request: GET / HTTP/1.1
IP: localhost
Date: Thu Mar 21 18:41:08 CET 2019
Error message: 
Request: GET / HTTP/1.1
IP: localhost
Date: Thu Mar 21 18:41:08 CET 2019
Error message: 
Request: GET / HTTP/1.1
IP: localhost
Date: Thu Mar 21 18:41:08 CET 2019
Error message: 
Request: GET / HTTP/1.1
IP: localhost
Date: Thu Mar 21 18:41:08 CET 2019
Error message: 
Request: GET / HTTP/1.1
IP: localhost
Date: Thu Mar 21 18:41:08 CET 2019
Error message: 
Request: GET / HTTP/1.1
IP: localhost
Date: Thu Mar 21 18:41:08 CET 2019
Error message: 
Request: GET / HTTP/1.1
IP: localhost
Date: Thu Mar 21 18:41:08 CET 2019
Error message: 
Request: GET / HTTP/1.1
IP: localhost
Date: Thu Mar 21 18:41:08 CET 2019
Error message: 
Request: GET / HTTP/1.1
IP: localhost
Date: Thu Mar 21 18:41:08 CET 2019
Error message: 
Request: GET / HTTP/1.1
IP: localhost
Date: Thu Mar 21 18:41:08 CET 2019
Error message: 
Request: GET / HTTP/1.1
IP: localhost
Date: Thu Mar 21 18:41:08 CET 2019
Error message: 
Request: GET / HTTP/1.1
IP: localhost
Date: Thu Mar 21 18:41:08 CET 2019
Error message: 
Request: GET / HTTP/1.1
IP: localhost
Date: Thu Mar 21 18:41:08 CET 2019
Error message: 
Request: GET / HTTP/1.1
IP: localhost
Date: Thu Mar 21 18:41:08 CET 2019
Error message: 
Request: GET / HTTP/1.1
IP: localhost
Date: Thu Mar 21 18:41:08 CET 2019
Error message: 
Request: GET / HTTP/1.1
IP: localhost
Date: Thu Mar 21 18:41:08 CET 2019
Error message: 
Request: GET / HTTP/1.1
IP: localhost
Date: Thu Mar 21 18:41:08 CET 2019
Error message: 
Request: GET / HTTP/1.1
IP: localhost
Date: Thu Mar 21 18:41:08 CET 2019
Error message: 
Request: GET / HTTP/1.1
IP: localhost
Date: Thu Mar 21 18:41:08 CET 2019
Error message: 
Request: GET / HTTP/1.1
IP: localhost
Date: Thu Mar 21 18:41:08 CET 2019
Error message: 
Request: GET / HTTP/1.1
IP: localhost
Date: Thu Mar 21 18:41:08 CET 2019
Error message: 
Request: GET / HTTP/1.1
IP: localhost
Date: Thu Mar 21 18:41:08 CET 2019
Error message: 
Request: GET / HTTP/1.1
IP: localhost
Date: Thu Mar 21 18:41:08 CET 2019
Error message: 
Request: GET / HTTP/1.1
IP: localhost
Date: Thu Mar 21 18:41:17 CET 2019
Error message: 
Request: GET / HTTP/1.1
IP: localhost
Date: Thu Mar 21 18:41:17 CET 2019
Error message: 
Request: GET / HTTP/1.1
IP: localhost
Date: Thu Mar 21 18:41:17 CET 2019
Error message: 
Request: GET / HTTP/1.1
IP: localhost
Date: Thu Mar 21 18:41:17 CET 2019
Error message: 
Request: GET / HTTP/1.1
IP: localhost
Date: Thu Mar 21 18:41:17 CET 2019
Error message: 
Request: GET / HTTP/1.1
IP: localhost
Date: Thu Mar 21 18:41:17 CET 2019
Error message: 
Request: GET / HTTP/1.1
IP: localhost
Date: Thu Mar 21 18:41:17 CET 2019
Error message: 
Request: GET / HTTP/1.1
IP: localhost
Date: Thu Mar 21 18:41:17 CET 2019
Error message: 
Request: GET / HTTP/1.1
IP: localhost
Date: Thu Mar 21 18:41:17 CET 2019
Error message: 
Request: GET / HTTP/1.1
IP: localhost
Date: Thu Mar 21 18:41:17 CET 2019
Error message: 
Request: GET / HTTP/1.1
IP: localhost
Date: Thu Mar 21 19:22:23 CET 2019
Error message: 
Request: GET / HTTP/1.1
IP: localhost
Date: Thu Mar 21 19:22:23 CET 2019
Error message: 
Request: GET / HTTP/1.1
IP: localhost
Date: Thu Mar 21 19:22:23 CET 2019
Error message: 
Request: GET / HTTP/1.1
IP: localhost
Date: Thu Mar 21 19:22:23 CET 2019
Error message: 
Request: GET / HTTP/1.1
IP: localhost
Date: Thu Mar 21 19:22:23 CET 2019
Error message: 
Request: GET / HTTP/1.1
IP: localhost
Date: Thu Mar 21 19:22:23 CET 2019
Error message: 
Request: GET / HTTP/1.1
IP: localhost
Date: Thu Mar 21 19:22:23 CET 2019
Error message: 
Request: GET / HTTP/1.1
IP: localhost
Date: Thu Mar 21 19:22:23 CET 2019
Error message: 
Request: GET / HTTP/1.1
IP: localhost
Date: Thu Mar 21 19:22:23 CET 2019
Error message: 
Request: GET / HTTP/1.1
IP: localhost
Date: Thu Mar 21 19:22:23 CET 2019
Error message: 
Request: GET / HTTP/1.1
IP: localhost
Date: Thu Mar 21 19:22:24 CET 2019
Error message: 
Request: GET / HTTP/1.1
IP: localhost
Date: Thu Mar 21 19:22:24 CET 2019
Error message: 
Request: GET / HTTP/1.1
IP: localhost
Date: Thu Mar 21 19:22:24 CET 2019
Error message: 
Request: GET / HTTP/1.1
IP: localhost
Date: Thu Mar 21 19:22:24 CET 2019
Error message: 
Request: GET / HTTP/1.1
IP: localhost
Date: Thu Mar 21 19:22:24 CET 2019
Error message: 
Request: GET / HTTP/1.1
IP: localhost
Date: Thu Mar 21 19:22:24 CET 2019
Error message: 
Request: GET / HTTP/1.1
IP: localhost
Date: Thu Mar 21 19:22:24 CET 2019
Error message: 
Request: GET / HTTP/1.1
IP: localhost
Date: Thu Mar 21 19:22:24 CET 2019
Error message: 
Request: GET / HTTP/1.1
IP: localhost
Date: Thu Mar 21 19:22:24 CET 2019
Error message: 
Request: GET / HTTP/1.1
IP: localhost
Date: Thu Mar 21 19:22:24 CET 2019
Error message: 
Request: GET / HTTP/1.1
IP: localhost
Date: Thu Mar 21 19:22:24 CET 2019
Error message: 
Request: GET / HTTP/1.1
IP: localhost
Date: Thu Mar 21 19:22:24 CET 2019
Error message: 
Request: GET / HTTP/1.1
IP: localhost
Date: Thu Mar 21 19:22:24 CET 2019
Error message: 
Request: GET / HTTP/1.1
IP: localhost
Date: Thu Mar 21 19:22:24 CET 2019
Error message: 
Request: GET / HTTP/1.1
IP: localhost
Date: Thu Mar 21 19:22:24 CET 2019
Error message: 
Request: GET / HTTP/1.1
IP: localhost
Date: Thu Mar 21 19:22:24 CET 2019
Error message: 
Request: GET / HTTP/1.1
IP: localhost
Date: Thu Mar 21 19:22:24 CET 2019
Error message: 
Request: GET / HTTP/1.1
IP: localhost
Date: Thu Mar 21 19:22:24 CET 2019
Error message: 
Request: GET / HTTP/1.1
IP: localhost
Date: Thu Mar 21 19:22:24 CET 2019
Error message: 
Request: GET / HTTP/1.1
IP: localhost
Date: Thu Mar 21 19:22:24 CET 2019
Error message: 
Request: GET / HTTP/1.1
IP: localhost
Date: Thu Mar 21 19:22:24 CET 2019
Error message: 
Request: GET / HTTP/1.1
IP: localhost
Date: Thu Mar 21 19:22:24 CET 2019
Error message: 
Request: GET / HTTP/1.1
IP: localhost
Date: Thu Mar 21 19:22:24 CET 2019
Error message: 
Request: GET / HTTP/1.1
IP: localhost
Date: Thu Mar 21 19:22:24 CET 2019
Error message: 
Request: GET / HTTP/1.1
IP: localhost
Date: Thu Mar 21 19:22:24 CET 2019
Error message: 
Request: GET / HTTP/1.1
IP: localhost
Date: Thu Mar 21 19:22:24 CET 2019
Error message: 
Request: GET / HTTP/1.1
IP: localhost
Date: Thu Mar 21 19:22:24 CET 2019
Error message: 
Request: GET / HTTP/1.1
IP: localhost
Date: Thu Mar 21 19:22:24 CET 2019
Error message: 
Request: GET / HTTP/1.1
IP: localhost
Date: Thu Mar 21 19:22:24 CET 2019
Error message: 
Request: GET / HTTP/1.1
IP: localhost
Date: Thu Mar 21 19:22:24 CET 2019
Error message: 
Request: GET / HTTP/1.1
IP: localhost
Date: Thu Mar 21 19:22:24 CET 2019
Error message: 
Request: GET / HTTP/1.1
IP: localhost
Date: Thu Mar 21 19:22:24 CET 2019
Error message: 
Request: GET / HTTP/1.1
IP: localhost
Date: Thu Mar 21 19:22:24 CET 2019
Error message: 
Request: GET / HTTP/1.1
IP: localhost
Date: Thu Mar 21 19:22:24 CET 2019
Error message: 
Request: GET / HTTP/1.1
IP: localhost
Date: Thu Mar 21 19:22:24 CET 2019
Error message: 
Request: GET / HTTP/1.1
IP: localhost
Date: Thu Mar 21 19:22:24 CET 2019
Error message: 
Request: GET / HTTP/1.1
IP: localhost
Date: Thu Mar 21 19:22:24 CET 2019
Error message: 
Request: GET / HTTP/1.1
IP: localhost
Date: Thu Mar 21 19:22:24 CET 2019
Error message: 
Request: GET / HTTP/1.1
IP: localhost
Date: Thu Mar 21 19:22:24 CET 2019
Error message: 
Request: GET / HTTP/1.1
IP: localhost
Date: Thu Mar 21 19:22:24 CET 2019
Error message: 
Request: GET / HTTP/1.1
IP: localhost
Date: Thu Mar 21 19:22:24 CET 2019
Error message: 
Request: GET / HTTP/1.1
IP: localhost
Date: Thu Mar 21 19:22:24 CET 2019
Error message: 
Request: GET / HTTP/1.1
IP: localhost
Date: Thu Mar 21 19:22:24 CET 2019
Error message: 
Request: GET / HTTP/1.1
IP: localhost
Date: Thu Mar 21 19:22:24 CET 2019
Error message: 
Request: GET / HTTP/1.1
IP: localhost
Date: Thu Mar 21 19:22:24 CET 2019
Error message: 
Request: GET / HTTP/1.1
IP: localhost
Date: Thu Mar 21 19:22:24 CET 2019
Error message: 
Request: GET / HTTP/1.1
IP: localhost
Date: Thu Mar 21 19:22:24 CET 2019
Error message: 
Request: GET / HTTP/1.1
IP: localhost
Date: Thu Mar 21 19:22:24 CET 2019
Error message: 
Request: GET / HTTP/1.1
IP: localhost
Date: Thu Mar 21 19:22:24 CET 2019
Error message: 
Request: GET / HTTP/1.1
IP: localhost
Date: Thu Mar 21 19:22:24 CET 2019
Error message: 
Request: GET /index.html HTTP/1.0
IP: localhost
Date: Thu Mar 21 19:22:33 CET 2019
Error message: 
Request: GET /index.html HTTP/1.0
IP: localhost
Date: Thu Mar 21 19:22:33 CET 2019
Error message: 
Request: GET /udc.gif HTTP/1.0
IP: localhost
Date: Thu Mar 21 19:22:33 CET 2019
Error message: 
Request: GET /fic.png HTTP/1.0
IP: localhost
Date: Thu Mar 21 19:22:33 CET 2019
Error message: 
Request: GET /LICENSE.txt HTTP/1.0
IP: localhost
Date: Thu Mar 21 19:22:33 CET 2019
Error message: 
Request: TRACE /index.html HTTP/1.0
IP: localhost
Date: Thu Mar 21 19:22:33 CET 2019
Error message: 400 Bad Request
Request: GET /index.html HTTP/1.0
IP: localhost
Date: Fri Mar 22 09:10:37 CET 2019
Error message: 
Request: GET /index.html HTTP/1.0
IP: localhost
Date: Fri Mar 22 09:10:37 CET 2019
Error message: 
Request: GET /udc.gif HTTP/1.0
IP: localhost
Date: Fri Mar 22 09:10:37 CET 2019
Error message: 
Request: GET /fic.png HTTP/1.0
IP: localhost
Date: Fri Mar 22 09:10:37 CET 2019
Error message: 
Request: GET /LICENSE.txt HTTP/1.0
IP: localhost
Date: Fri Mar 22 09:10:37 CET 2019
Error message: 
Request: TRACE /index.html HTTP/1.0
IP: localhost
Date: Fri Mar 22 09:10:37 CET 2019
Error message: 400 Bad Request
Request: GET /fic.png HTTP/1.1
IP: localhost
Date: Fri Mar 22 09:30:40 CET 2019
Error message: 
Request: GET /welcome.html HTTP/1.1
IP: localhost
Date: Fri Mar 22 09:53:43 CET 2019
Error message: 
Request: GET /welcome.html HTTP/1.1
IP: localhost
Date: Fri Mar 22 09:56:02 CET 2019
Error message: 
Request: GET /index.html HTTP/1.1
IP: localhost
Date: Fri Mar 22 09:56:10 CET 2019
Error message: 
Request: GET /welcome.html HTTP/1.1
IP: localhost
Date: Fri Mar 22 09:56:16 CET 2019
Error message: 
Request: GET /welcome.html HTTP/1.1
IP: localhost
Date: Fri Mar 22 09:57:31 CET 2019
Error message: 
Request: GET /welcome.html HTTP/1.1
IP: localhost
Date: Fri Mar 22 09:57:32 CET 2019
Error message: 
Request: GET /welcome.html HTTP/1.1
IP: localhost
Date: Fri Mar 22 09:57:33 CET 2019
Error message: 
Request: GET /welcome.html HTTP/1.1
IP: localhost
Date: Fri Mar 22 09:57:33 CET 2019
Error message: 
Request: GET /welcome.html HTTP/1.1
IP: localhost
Date: Fri Mar 22 09:57:34 CET 2019
Error message: 
Request: GET /index.html HTTP/1.1
IP: localhost
Date: Fri Mar 22 09:57:37 CET 2019
Error message: 
Request: GET /welcome.html HTTP/1.1
IP: localhost
Date: Fri Mar 22 09:58:33 CET 2019
Error message: 
Request: GET /welcome.html HTTP/1.1
IP: localhost
Date: Fri Mar 22 09:59:25 CET 2019
Error message: 
Request: GET /welcome.html HTTP/1.1
IP: localhost
Date: Fri Mar 22 09:59:50 CET 2019
Error message: 
Request: GET /background.jpeg HTTP/1.1
IP: localhost
Date: Fri Mar 22 09:59:50 CET 2019
Error message: 
Request: GET /index.html HTTP/1.0
IP: localhost
Date: Fri Mar 22 10:02:18 CET 2019
Error message: 
Request: GET /index.html HTTP/1.0
IP: localhost
Date: Fri Mar 22 10:02:18 CET 2019
Error message: 
Request: GET /udc.gif HTTP/1.0
IP: localhost
Date: Fri Mar 22 10:02:18 CET 2019
Error message: 
Request: GET /fic.png HTTP/1.0
IP: localhost
Date: Fri Mar 22 10:02:18 CET 2019
Error message: 
Request: GET /LICENSE.txt HTTP/1.0
IP: localhost
Date: Fri Mar 22 10:02:18 CET 2019
Error message: 
Request: TRACE /index.html HTTP/1.0
IP: localhost
Date: Fri Mar 22 10:02:18 CET 2019
Error message: 400 Bad Request
Request: GET /index.html HTTP/1.0
IP: localhost
Date: Fri Mar 22 10:22:19 CET 2019
Error message: 
Request: GET /index.html HTTP/1.0
IP: localhost
Date: Fri Mar 22 10:22:19 CET 2019
Error message: 
Request: GET /udc.gif HTTP/1.0
IP: localhost
Date: Fri Mar 22 10:22:19 CET 2019
Error message: 
Request: GET /fic.png HTTP/1.0
IP: localhost
Date: Fri Mar 22 10:22:19 CET 2019
Error message: 
Request: GET /LICENSE.txt HTTP/1.0
IP: localhost
Date: Fri Mar 22 10:22:19 CET 2019
Error message: 
Request: TRACE /index.html HTTP/1.0
IP: localhost
Date: Fri Mar 22 10:22:19 CET 2019
Error message: 400 Bad Request
Request: GET /index.html HTTP/1.0
IP: localhost
Date: Fri Mar 22 10:23:31 CET 2019
Error message: 
Request: GET /index.html HTTP/1.0
IP: localhost
Date: Fri Mar 22 10:23:31 CET 2019
Error message: 
Request: GET /udc.gif HTTP/1.0
IP: localhost
Date: Fri Mar 22 10:23:31 CET 2019
Error message: 
Request: GET /fic.png HTTP/1.0
IP: localhost
Date: Fri Mar 22 10:23:31 CET 2019
Error message: 
Request: GET /LICENSE.txt HTTP/1.0
IP: localhost
Date: Fri Mar 22 10:23:31 CET 2019
Error message: 
Request: TRACE /index.html HTTP/1.0
IP: localhost
Date: Fri Mar 22 10:23:31 CET 2019
Error message: 400 Bad Request
Request: GET /requests.log HTTP/1.1
IP: ip6-localhost
Date: Fri Mar 22 10:28:43 CET 2019
Error message: 
Request: GER
IP: localhost
Date: Fri Mar 22 10:31:46 CET 2019
Error message: 400 Bad Request
