Request: TRACE /index.html HTTP/1.0
IP: localhost
Date: Wed Mar 20 10:29:00 CET 2019
Status code: 200
Size: 216
Request: GET /notFound.html HTTP/1.0
IP: localhost
Date: Wed Mar 20 10:29:00 CET 2019
Status code: 404
Size: 110
Request: HEAD /index.html HTTP/1.0
IP: localhost
Date: Wed Mar 20 10:29:00 CET 2019
Status code: 200
Size: 216
Request: HEAD /udc.gif HTTP/1.0
IP: localhost
Date: Wed Mar 20 10:29:00 CET 2019
Status code: 200
Size: 4250
Request: HEAD /notFound.html HTTP/1.0
IP: localhost
Date: Wed Mar 20 10:29:00 CET 2019
Status code: 200
Request: HEAD /notFound.html HTTP/1.0
IP: localhost
Date: Wed Mar 20 10:29:00 CET 2019
Status code: 404
Size: 110
Request: TRACE /index.html HTTP/1.0
IP: localhost
Date: Wed Mar 20 10:39:26 CET 2019
Status code: 200
Size: 216
Request: GET /notFound.html HTTP/1.0
IP: localhost
Date: Wed Mar 20 10:39:26 CET 2019
Status code: 404
Size: 110
Request: HEAD /index.html HTTP/1.0
IP: localhost
Date: Wed Mar 20 10:39:26 CET 2019
Status code: 200
Size: 216
Request: HEAD /udc.gif HTTP/1.0
IP: localhost
Date: Wed Mar 20 10:39:26 CET 2019
Status code: 200
Size: 4250
Request: HEAD /notFound.html HTTP/1.0
IP: localhost
Date: Wed Mar 20 10:39:26 CET 2019
Status code: 200
Request: HEAD /notFound.html HTTP/1.0
IP: localhost
Date: Wed Mar 20 10:39:26 CET 2019
Status code: 404
Size: 110
Request: TRACE /index.html HTTP/1.0
IP: localhost
Date: Wed Mar 20 11:04:21 CET 2019
Status code: 200
Size: 216
Request: GET /notFound.html HTTP/1.0
IP: localhost
Date: Wed Mar 20 11:04:21 CET 2019
Status code: 404
Size: 110
Request: HEAD /index.html HTTP/1.0
IP: localhost
Date: Wed Mar 20 11:04:21 CET 2019
Status code: 200
Size: 216
Request: HEAD /udc.gif HTTP/1.0
IP: localhost
Date: Wed Mar 20 11:04:21 CET 2019
Status code: 200
Size: 4250
Request: HEAD /notFound.html HTTP/1.0
IP: localhost
Date: Wed Mar 20 11:04:21 CET 2019
Status code: 200
Request: HEAD /notFound.html HTTP/1.0
IP: localhost
Date: Wed Mar 20 11:04:21 CET 2019
Status code: 404
Size: 110
Request: GET /index.html HTTP/1.1
IP: ip6-localhost
Date: Wed Mar 20 12:32:02 CET 2019
Status code: 304
Request: GET /favicon.ico HTTP/1.1
IP: ip6-localhost
Date: Wed Mar 20 12:32:03 CET 2019
Status code: 404
Size: 110
Request: GET /favicon.ico HTTP/1.1
IP: ip6-localhost
Date: Wed Mar 20 12:32:10 CET 2019
Status code: 404
Size: 110
Request: GET /index.html HTTP/1.1
IP: ip6-localhost
Date: Wed Mar 20 12:32:20 CET 2019
Status code: 304
Request: GET /favicon.ico HTTP/1.1
IP: ip6-localhost
Date: Wed Mar 20 12:32:26 CET 2019
Status code: 404
Size: 110
Request: TRACE /index.html HTTP/1.0
IP: localhost
Date: Wed Mar 20 16:26:23 CET 2019
Status code: 200
Size: 216
Request: GET /notFound.html HTTP/1.0
IP: localhost
Date: Wed Mar 20 16:26:24 CET 2019
Status code: 404
Size: 110
Request: HEAD /index.html HTTP/1.0
IP: localhost
Date: Wed Mar 20 16:26:24 CET 2019
Status code: 200
Size: 216
Request: HEAD /udc.gif HTTP/1.0
IP: localhost
Date: Wed Mar 20 16:26:24 CET 2019
Status code: 200
Size: 4250
Request: HEAD /notFound.html HTTP/1.0
IP: localhost
Date: Wed Mar 20 16:26:24 CET 2019
Status code: 200
Request: HEAD /notFound.html HTTP/1.0
IP: localhost
Date: Wed Mar 20 16:26:24 CET 2019
Status code: 404
Size: 110
Request: TRACE /index.html HTTP/1.0
IP: localhost
Date: Wed Mar 20 21:03:52 CET 2019
Status code: 200
Size: 216
Request: GET /notFound.html HTTP/1.0
IP: localhost
Date: Wed Mar 20 21:03:52 CET 2019
Status code: 404
Size: 110
Request: HEAD /index.html HTTP/1.0
IP: localhost
Date: Wed Mar 20 21:03:52 CET 2019
Status code: 200
Size: 216
Request: HEAD /udc.gif HTTP/1.0
IP: localhost
Date: Wed Mar 20 21:03:52 CET 2019
Status code: 200
Size: 4250
Request: HEAD /notFound.html HTTP/1.0
IP: localhost
Date: Wed Mar 20 21:03:52 CET 2019
Status code: 200
Request: HEAD /notFound.html HTTP/1.0
IP: localhost
Date: Wed Mar 20 21:03:52 CET 2019
Status code: 404
Size: 110
Request: TRACE /index.html HTTP/1.0
IP: localhost
Date: Thu Mar 21 18:29:30 CET 2019
Status code: 200
Size: 216
Request: GET /notFound.html HTTP/1.0
IP: localhost
Date: Thu Mar 21 18:29:30 CET 2019
Status code: 404
Size: 110
Request: HEAD /index.html HTTP/1.0
IP: localhost
Date: Thu Mar 21 18:29:30 CET 2019
Status code: 200
Size: 216
Request: HEAD /udc.gif HTTP/1.0
IP: localhost
Date: Thu Mar 21 18:29:30 CET 2019
Status code: 200
Size: 4250
Request: HEAD /notFound.html HTTP/1.0
IP: localhost
Date: Thu Mar 21 18:29:30 CET 2019
Status code: 200
Request: HEAD /notFound.html HTTP/1.0
IP: localhost
Date: Thu Mar 21 18:29:30 CET 2019
Status code: 404
Size: 110
Request: TRACE /index.html HTTP/1.0
IP: localhost
Date: Thu Mar 21 19:22:33 CET 2019
Status code: 200
Size: 216
Request: GET /notFound.html HTTP/1.0
IP: localhost
Date: Thu Mar 21 19:22:33 CET 2019
Status code: 404
Size: 110
Request: HEAD /index.html HTTP/1.0
IP: localhost
Date: Thu Mar 21 19:22:33 CET 2019
Status code: 200
Size: 216
Request: HEAD /udc.gif HTTP/1.0
IP: localhost
Date: Thu Mar 21 19:22:34 CET 2019
Status code: 200
Size: 4250
Request: HEAD /notFound.html HTTP/1.0
IP: localhost
Date: Thu Mar 21 19:22:34 CET 2019
Status code: 200
Request: HEAD /notFound.html HTTP/1.0
IP: localhost
Date: Thu Mar 21 19:22:34 CET 2019
Status code: 404
Size: 110
Request: TRACE /index.html HTTP/1.0
IP: localhost
Date: Fri Mar 22 09:10:37 CET 2019
Status code: 200
Size: 216
Request: GET /notFound.html HTTP/1.0
IP: localhost
Date: Fri Mar 22 09:10:37 CET 2019
Status code: 404
Size: 110
Request: HEAD /index.html HTTP/1.0
IP: localhost
Date: Fri Mar 22 09:10:37 CET 2019
Status code: 200
Size: 216
Request: HEAD /udc.gif HTTP/1.0
IP: localhost
Date: Fri Mar 22 09:10:37 CET 2019
Status code: 200
Size: 4250
Request: HEAD /notFound.html HTTP/1.0
IP: localhost
Date: Fri Mar 22 09:10:37 CET 2019
Status code: 200
Request: HEAD /notFound.html HTTP/1.0
IP: localhost
Date: Fri Mar 22 09:10:37 CET 2019
Status code: 404
Size: 110
Request: GET /w3images/wedding_couple.jpg HTTP/1.1
IP: localhost
Date: Fri Mar 22 09:53:43 CET 2019
Status code: 404
Size: 110
Request: GET /home/pedro/Documentos/Uni/Redes/WebServer/p1-files/backgorund.jpeg HTTP/1.1
IP: localhost
Date: Fri Mar 22 09:56:02 CET 2019
Status code: 404
Size: 110
Request: GET /home/pedro/Documentos/Uni/Redes/WebServer/p1-files/backgorund.jpeg HTTP/1.1
IP: localhost
Date: Fri Mar 22 09:56:16 CET 2019
Status code: 404
Size: 110
Request: GET /home/pedro/Documentos/Uni/Redes/WebServer/p1-files/background.jpeg HTTP/1.1
IP: localhost
Date: Fri Mar 22 09:57:31 CET 2019
Status code: 404
Size: 110
Request: GET /home/pedro/Documentos/Uni/Redes/WebServer/p1-files/background.jpeg HTTP/1.1
IP: localhost
Date: Fri Mar 22 09:57:33 CET 2019
Status code: 404
Size: 110
Request: GET /home/pedro/Documentos/Uni/Redes/WebServer/p1-files/background.jpeg HTTP/1.1
IP: localhost
Date: Fri Mar 22 09:57:33 CET 2019
Status code: 404
Size: 110
Request: GET /home/pedro/Documentos/Uni/Redes/WebServer/p1-files/background.jpeg HTTP/1.1
IP: localhost
Date: Fri Mar 22 09:57:34 CET 2019
Status code: 404
Size: 110
Request: GET /home/pedro/Documentos/Uni/Redes/WebServer/p1-files/background.jpeg HTTP/1.1
IP: localhost
Date: Fri Mar 22 09:57:35 CET 2019
Status code: 404
Size: 110
Request: TRACE /index.html HTTP/1.0
IP: localhost
Date: Fri Mar 22 10:02:18 CET 2019
Status code: 200
Size: 216
Request: GET /notFound.html HTTP/1.0
IP: localhost
Date: Fri Mar 22 10:02:18 CET 2019
Status code: 404
Size: 110
Request: HEAD /index.html HTTP/1.0
IP: localhost
Date: Fri Mar 22 10:02:18 CET 2019
Status code: 200
Size: 216
Request: HEAD /udc.gif HTTP/1.0
IP: localhost
Date: Fri Mar 22 10:02:18 CET 2019
Status code: 200
Size: 4250
Request: HEAD /notFound.html HTTP/1.0
IP: localhost
Date: Fri Mar 22 10:02:18 CET 2019
Status code: 200
Request: HEAD /notFound.html HTTP/1.0
IP: localhost
Date: Fri Mar 22 10:02:18 CET 2019
Status code: 404
Size: 110
Request: TRACE /index.html HTTP/1.0
IP: localhost
Date: Fri Mar 22 10:22:19 CET 2019
Status code: 200
Size: 216
Request: GET /notFound.html HTTP/1.0
IP: localhost
Date: Fri Mar 22 10:22:19 CET 2019
Status code: 404
Size: 110
Request: HEAD /index.html HTTP/1.0
IP: localhost
Date: Fri Mar 22 10:22:19 CET 2019
Status code: 200
Size: 216
Request: HEAD /udc.gif HTTP/1.0
IP: localhost
Date: Fri Mar 22 10:22:20 CET 2019
Status code: 200
Size: 4250
Request: HEAD /notFound.html HTTP/1.0
IP: localhost
Date: Fri Mar 22 10:22:20 CET 2019
Status code: 200
Request: HEAD /notFound.html HTTP/1.0
IP: localhost
Date: Fri Mar 22 10:22:20 CET 2019
Status code: 404
Size: 110
Request: TRACE /index.html HTTP/1.0
IP: localhost
Date: Fri Mar 22 10:23:31 CET 2019
Status code: 200
Size: 216
Request: GET /notFound.html HTTP/1.0
IP: localhost
Date: Fri Mar 22 10:23:31 CET 2019
Status code: 404
Size: 110
Request: HEAD /index.html HTTP/1.0
IP: localhost
Date: Fri Mar 22 10:23:31 CET 2019
Status code: 200
Size: 216
Request: HEAD /udc.gif HTTP/1.0
IP: localhost
Date: Fri Mar 22 10:23:32 CET 2019
Status code: 200
Size: 4250
Request: HEAD /notFound.html HTTP/1.0
IP: localhost
Date: Fri Mar 22 10:23:32 CET 2019
Status code: 200
Request: HEAD /notFound.html HTTP/1.0
IP: localhost
Date: Fri Mar 22 10:23:32 CET 2019
Status code: 404
Size: 110
Request: GET /favicon.ico HTTP/1.1
IP: ip6-localhost
Date: Fri Mar 22 10:24:21 CET 2019
Status code: 404
Size: 110
Request: GET /index.html HTTP/1.1
IP: ip6-localhost
Date: Fri Mar 22 10:24:33 CET 2019
Status code: 304
Request: GET /fic.png HTTP/1.1
IP: ip6-localhost
Date: Fri Mar 22 10:24:46 CET 2019
Status code: 304
Request: GET index.html HTTP/1.1
IP: localhost
Date: Fri Mar 22 10:32:21 CET 2019
Status code: 404
Size: 110
Request: GET fic.png HTTP/1.1
IP: localhost
Date: Fri Mar 22 10:32:35 CET 2019
Status code: 404
Size: 110
